2023-12-10 16:05:46.969 [main] DEBUG com.pe.relari.config.DatabaseConfig - Creando nueva instancia para la base de datos
2023-12-10 16:05:46.974 [main] DEBUG com.pe.relari.config.DatabaseConfig - Retornar instancia existente
2023-12-10 16:05:46.974 [main] DEBUG com.pe.relari.config.DatabaseConfig - Conectando a la base de datos.
2023-12-10 16:07:19.552 [main] DEBUG com.pe.relari.config.DatabaseConfig - Creando nueva instancia para la base de datos
2023-12-10 16:07:19.556 [main] DEBUG com.pe.relari.config.DatabaseConfig - Retornar instancia existente
2023-12-10 16:07:19.557 [main] DEBUG com.pe.relari.config.DatabaseConfig - Conectando a la base de datos.
2023-12-10 16:26:31.921 [main] DEBUG com.pe.relari.config.DatabaseConfig - Creando nueva instancia para la base de datos
2023-12-10 16:26:31.925 [main] DEBUG com.pe.relari.config.DatabaseConfig - Retornar instancia existente
2023-12-10 16:26:31.927 [main] DEBUG com.pe.relari.config.DatabaseConfig - Conectando a la base de datos.
2023-12-10 16:30:18.942 [AWT-EventQueue-0] DEBUG com.pe.relari.config.DatabaseConfig - Creando nueva instancia para la base de datos
2023-12-10 16:30:18.945 [AWT-EventQueue-0] DEBUG com.pe.relari.config.DatabaseConfig - Retornar instancia existente
2023-12-10 16:30:18.945 [AWT-EventQueue-0] INFO  com.pe.relari.service.impl.EmployeeServiceImpl - Creando instancia
2023-12-10 16:30:18.945 [AWT-EventQueue-0] INFO  com.pe.relari.service.impl.EmployeeServiceImpl - Instancia activa
2023-12-10 16:30:18.946 [AWT-EventQueue-0] DEBUG com.pe.relari.config.DatabaseConfig - Conectando a la base de datos.
2023-12-10 16:30:21.869 [AWT-EventQueue-0] DEBUG com.pe.relari.config.DatabaseConfig - Cerrando la coneccion a la base de datos.
2023-12-10 16:30:21.869 [AWT-EventQueue-0] DEBUG com.pe.relari.config.DatabaseConfig - Conectando a la base de datos.
2023-12-10 16:30:21.871 [AWT-EventQueue-0] INFO  com.pe.relari.service.impl.EmployeeServiceImpl - Se registro correctamente al empleado.
2023-12-10 16:32:48.257 [AWT-EventQueue-0] DEBUG com.pe.relari.config.DatabaseConfig - Creando nueva instancia para la base de datos
2023-12-10 16:32:48.261 [AWT-EventQueue-0] DEBUG com.pe.relari.config.DatabaseConfig - Retornar instancia existente
2023-12-10 16:32:48.261 [AWT-EventQueue-0] INFO  com.pe.relari.service.impl.EmployeeServiceImpl - Creando instancia
2023-12-10 16:32:48.262 [AWT-EventQueue-0] INFO  com.pe.relari.service.impl.EmployeeServiceImpl - Instancia activa
2023-12-10 16:32:48.313 [AWT-EventQueue-0] DEBUG com.pe.relari.config.DatabaseConfig - Conectando a la base de datos.
2023-12-10 16:32:49.748 [AWT-EventQueue-0] DEBUG com.pe.relari.config.DatabaseConfig - Cerrando la coneccion a la base de datos.
2023-12-10 16:32:49.748 [AWT-EventQueue-0] DEBUG com.pe.relari.config.DatabaseConfig - Conectando a la base de datos.
2023-12-10 16:32:56.787 [AWT-EventQueue-0] DEBUG com.pe.relari.config.DatabaseConfig - Conectando a la base de datos.
2023-12-10 16:32:56.789 [AWT-EventQueue-0] DEBUG com.pe.relari.config.DatabaseConfig - Cerrando la coneccion a la base de datos.
2023-12-10 16:32:56.790 [AWT-EventQueue-0] DEBUG com.pe.relari.config.DatabaseConfig - Conectando a la base de datos.
2023-12-10 16:33:01.988 [AWT-EventQueue-0] DEBUG com.pe.relari.config.DatabaseConfig - Conectando a la base de datos.
2023-12-10 16:33:01.991 [AWT-EventQueue-0] DEBUG com.pe.relari.config.DatabaseConfig - Cerrando la coneccion a la base de datos.
2023-12-10 16:33:01.992 [AWT-EventQueue-0] DEBUG com.pe.relari.config.DatabaseConfig - Conectando a la base de datos.
